<?xml version="1.0" encoding="UTF-8"?>
<!-- Generated by org.testng.reporters.JUnitReportReporter -->
<testsuite hostname="ULTP_461" name="JenkinsPkg.Test_test" tests="1" failures="0" timestamp="31 Aug 2016 12:09:01 GMT" time="0.010" errors="0">
  <testcase name="testMathod" time="0.010" classname="JenkinsPkg.Test_test"/>
</testsuite> <!-- JenkinsPkg.Test_test -->
